<?xml version="1.0" encoding="UTF-8"?>
<testsuite xmlns:xsi="http://www.w3.org/2001/XMLSchema-instance" xsi:noNamespaceSchemaLocation="https://maven.apache.org/surefire/maven-surefire-plugin/xsd/surefire-test-report.xsd" version="3.0.2" name="com.anki.service.Impl.EmployeeImplTest" time="0.374" tests="2" errors="0" skipped="0" failures="0">
  <properties>
    <property name="java.specification.version" value="17"/>
    <property name="sun.cpu.isalist" value="amd64"/>
    <property name="sun.jnu.encoding" value="Cp1252"/>
    <property name="java.class.path" value="C:\Users\Ankaiah Nandyala\OneDrive\Documents\Bhumi-Marraige-Broker\BhumiMatrimony.com\SpringBootPostgresql\target\test-classes;C:\Users\Ankaiah Nandyala\OneDrive\Documents\Bhumi-Marraige-Broker\BhumiMatrimony.com\SpringBootPostgresql\target\classes;C:\Users\Ankaiah Nandyala\.m2\repository\org\springframework\boot\spring-boot-starter-actuator\3.4.0-SNAPSHOT\spring-boot-starter-actuator-3.4.0-SNAPSHOT.jar;C:\Users\Ankaiah Nandyala\.m2\repository\org\springframework\boot\spring-boot-starter\3.4.0-SNAPSHOT\spring-boot-starter-3.4.0-SNAPSHOT.jar;C:\Users\Ankaiah Nandyala\.m2\repository\org\springframework\boot\spring-boot-starter-logging\3.4.0-SNAPSHOT\spring-boot-starter-logging-3.4.0-SNAPSHOT.jar;C:\Users\Ankaiah Nandyala\.m2\repository\ch\qos\logback\logback-classic\1.5.11\logback-classic-1.5.11.jar;C:\Users\Ankaiah Nandyala\.m2\repository\ch\qos\logback\logback-core\1.5.11\logback-core-1.5.11.jar;C:\Users\Ankaiah Nandyala\.m2\repository\org\apache\logging\log4j\log4j-to-slf4j\2.24.1\log4j-to-slf4j-2.24.1.jar;C:\Users\Ankaiah Nandyala\.m2\repository\org\apache\logging\log4j\log4j-api\2.24.1\log4j-api-2.24.1.jar;C:\Users\Ankaiah Nandyala\.m2\repository\org\slf4j\jul-to-slf4j\2.0.16\jul-to-slf4j-2.0.16.jar;C:\Users\Ankaiah Nandyala\.m2\repository\jakarta\annotation\jakarta.annotation-api\2.1.1\jakarta.annotation-api-2.1.1.jar;C:\Users\Ankaiah Nandyala\.m2\repository\org\yaml\snakeyaml\2.3\snakeyaml-2.3.jar;C:\Users\Ankaiah Nandyala\.m2\repository\org\springframework\boot\spring-boot-actuator-autoconfigure\3.4.0-SNAPSHOT\spring-boot-actuator-autoconfigure-3.4.0-SNAPSHOT.jar;C:\Users\Ankaiah Nandyala\.m2\repository\org\springframework\boot\spring-boot-actuator\3.4.0-SNAPSHOT\spring-boot-actuator-3.4.0-SNAPSHOT.jar;C:\Users\Ankaiah Nandyala\.m2\repository\com\fasterxml\jackson\core\jackson-databind\2.18.0\jackson-databind-2.18.0.jar;C:\Users\Ankaiah Nandyala\.m2\repository\com\fasterxml\jackson\core\jackson-annotations\2.18.0\jackson-annotations-2.18.0.jar;C:\Users\Ankaiah Nandyala\.m2\repository\com\fasterxml\jackson\core\jackson-core\2.18.0\jackson-core-2.18.0.jar;C:\Users\Ankaiah Nandyala\.m2\repository\com\fasterxml\jackson\datatype\jackson-datatype-jsr310\2.18.0\jackson-datatype-jsr310-2.18.0.jar;C:\Users\Ankaiah Nandyala\.m2\repository\io\micrometer\micrometer-observation\1.14.0-RC1\micrometer-observation-1.14.0-RC1.jar;C:\Users\Ankaiah Nandyala\.m2\repository\io\micrometer\micrometer-commons\1.14.0-RC1\micrometer-commons-1.14.0-RC1.jar;C:\Users\Ankaiah Nandyala\.m2\repository\io\micrometer\micrometer-jakarta9\1.14.0-RC1\micrometer-jakarta9-1.14.0-RC1.jar;C:\Users\Ankaiah Nandyala\.m2\repository\io\micrometer\micrometer-core\1.14.0-RC1\micrometer-core-1.14.0-RC1.jar;C:\Users\Ankaiah Nandyala\.m2\repository\org\hdrhistogram\HdrHistogram\2.2.2\HdrHistogram-2.2.2.jar;C:\Users\Ankaiah Nandyala\.m2\repository\org\latencyutils\LatencyUtils\2.0.3\LatencyUtils-2.0.3.jar;C:\Users\Ankaiah Nandyala\.m2\repository\org\springframework\boot\spring-boot-starter-data-jpa\3.4.0-SNAPSHOT\spring-boot-starter-data-jpa-3.4.0-SNAPSHOT.jar;C:\Users\Ankaiah Nandyala\.m2\repository\org\springframework\boot\spring-boot-starter-jdbc\3.4.0-SNAPSHOT\spring-boot-starter-jdbc-3.4.0-SNAPSHOT.jar;C:\Users\Ankaiah Nandyala\.m2\repository\com\zaxxer\HikariCP\5.1.0\HikariCP-5.1.0.jar;C:\Users\Ankaiah Nandyala\.m2\repository\org\springframework\spring-jdbc\6.2.0-RC3\spring-jdbc-6.2.0-RC3.jar;C:\Users\Ankaiah Nandyala\.m2\repository\org\hibernate\orm\hibernate-core\6.6.1.Final\hibernate-core-6.6.1.Final.jar;C:\Users\Ankaiah Nandyala\.m2\repository\jakarta\persistence\jakarta.persistence-api\3.1.0\jakarta.persistence-api-3.1.0.jar;C:\Users\Ankaiah Nandyala\.m2\repository\jakarta\transaction\jakarta.transaction-api\2.0.1\jakarta.transaction-api-2.0.1.jar;C:\Users\Ankaiah Nandyala\.m2\repository\org\jboss\logging\jboss-logging\3.6.1.Final\jboss-logging-3.6.1.Final.jar;C:\Users\Ankaiah Nandyala\.m2\repository\org\hibernate\common\hibernate-commons-annotations\7.0.1.Final\hibernate-commons-annotations-7.0.1.Final.jar;C:\Users\Ankaiah Nandyala\.m2\repository\io\smallrye\jandex\3.2.0\jandex-3.2.0.jar;C:\Users\Ankaiah Nandyala\.m2\repository\com\fasterxml\classmate\1.7.0\classmate-1.7.0.jar;C:\Users\Ankaiah Nandyala\.m2\repository\net\bytebuddy\byte-buddy\1.15.7\byte-buddy-1.15.7.jar;C:\Users\Ankaiah Nandyala\.m2\repository\org\glassfish\jaxb\jaxb-runtime\4.0.5\jaxb-runtime-4.0.5.jar;C:\Users\Ankaiah Nandyala\.m2\repository\org\glassfish\jaxb\jaxb-core\4.0.5\jaxb-core-4.0.5.jar;C:\Users\Ankaiah Nandyala\.m2\repository\org\eclipse\angus\angus-activation\2.0.2\angus-activation-2.0.2.jar;C:\Users\Ankaiah Nandyala\.m2\repository\org\glassfish\jaxb\txw2\4.0.5\txw2-4.0.5.jar;C:\Users\Ankaiah Nandyala\.m2\repository\com\sun\istack\istack-commons-runtime\4.1.2\istack-commons-runtime-4.1.2.jar;C:\Users\Ankaiah Nandyala\.m2\repository\jakarta\inject\jakarta.inject-api\2.0.1\jakarta.inject-api-2.0.1.jar;C:\Users\Ankaiah Nandyala\.m2\repository\org\antlr\antlr4-runtime\4.13.0\antlr4-runtime-4.13.0.jar;C:\Users\Ankaiah Nandyala\.m2\repository\org\springframework\data\spring-data-jpa\3.4.0-RC1\spring-data-jpa-3.4.0-RC1.jar;C:\Users\Ankaiah Nandyala\.m2\repository\org\springframework\data\spring-data-commons\3.4.0-RC1\spring-data-commons-3.4.0-RC1.jar;C:\Users\Ankaiah Nandyala\.m2\repository\org\springframework\spring-orm\6.2.0-RC3\spring-orm-6.2.0-RC3.jar;C:\Users\Ankaiah Nandyala\.m2\repository\org\springframework\spring-context\6.2.0-RC3\spring-context-6.2.0-RC3.jar;C:\Users\Ankaiah Nandyala\.m2\repository\org\springframework\spring-aop\6.2.0-RC3\spring-aop-6.2.0-RC3.jar;C:\Users\Ankaiah Nandyala\.m2\repository\org\springframework\spring-tx\6.2.0-RC3\spring-tx-6.2.0-RC3.jar;C:\Users\Ankaiah Nandyala\.m2\repository\org\springframework\spring-beans\6.2.0-RC3\spring-beans-6.2.0-RC3.jar;C:\Users\Ankaiah Nandyala\.m2\repository\org\slf4j\slf4j-api\2.0.16\slf4j-api-2.0.16.jar;C:\Users\Ankaiah Nandyala\.m2\repository\org\springframework\spring-aspects\6.2.0-RC3\spring-aspects-6.2.0-RC3.jar;C:\Users\Ankaiah Nandyala\.m2\repository\org\aspectj\aspectjweaver\1.9.22.1\aspectjweaver-1.9.22.1.jar;C:\Users\Ankaiah Nandyala\.m2\repository\org\springframework\boot\spring-boot-starter-web\3.4.0-SNAPSHOT\spring-boot-starter-web-3.4.0-SNAPSHOT.jar;C:\Users\Ankaiah Nandyala\.m2\repository\org\springframework\boot\spring-boot-starter-json\3.4.0-SNAPSHOT\spring-boot-starter-json-3.4.0-SNAPSHOT.jar;C:\Users\Ankaiah Nandyala\.m2\repository\com\fasterxml\jackson\datatype\jackson-datatype-jdk8\2.18.0\jackson-datatype-jdk8-2.18.0.jar;C:\Users\Ankaiah Nandyala\.m2\repository\com\fasterxml\jackson\module\jackson-module-parameter-names\2.18.0\jackson-module-parameter-names-2.18.0.jar;C:\Users\Ankaiah Nandyala\.m2\repository\org\springframework\boot\spring-boot-starter-tomcat\3.4.0-SNAPSHOT\spring-boot-starter-tomcat-3.4.0-SNAPSHOT.jar;C:\Users\Ankaiah Nandyala\.m2\repository\org\apache\tomcat\embed\tomcat-embed-core\10.1.31\tomcat-embed-core-10.1.31.jar;C:\Users\Ankaiah Nandyala\.m2\repository\org\apache\tomcat\embed\tomcat-embed-websocket\10.1.31\tomcat-embed-websocket-10.1.31.jar;C:\Users\Ankaiah Nandyala\.m2\repository\org\springframework\spring-web\6.2.0-RC3\spring-web-6.2.0-RC3.jar;C:\Users\Ankaiah Nandyala\.m2\repository\org\springframework\spring-webmvc\6.2.0-RC3\spring-webmvc-6.2.0-RC3.jar;C:\Users\Ankaiah Nandyala\.m2\repository\org\springframework\spring-expression\6.2.0-RC3\spring-expression-6.2.0-RC3.jar;C:\Users\Ankaiah Nandyala\.m2\repository\org\springframework\boot\spring-boot-devtools\3.4.0-SNAPSHOT\spring-boot-devtools-3.4.0-SNAPSHOT.jar;C:\Users\Ankaiah Nandyala\.m2\repository\org\springframework\boot\spring-boot\3.4.0-SNAPSHOT\spring-boot-3.4.0-SNAPSHOT.jar;C:\Users\Ankaiah Nandyala\.m2\repository\org\springframework\boot\spring-boot-autoconfigure\3.4.0-SNAPSHOT\spring-boot-autoconfigure-3.4.0-SNAPSHOT.jar;C:\Users\Ankaiah Nandyala\.m2\repository\org\postgresql\postgresql\42.7.4\postgresql-42.7.4.jar;C:\Users\Ankaiah Nandyala\.m2\repository\org\checkerframework\checker-qual\3.42.0\checker-qual-3.42.0.jar;C:\Users\Ankaiah Nandyala\.m2\repository\org\springframework\boot\spring-boot-starter-validation\3.4.0-SNAPSHOT\spring-boot-starter-validation-3.4.0-SNAPSHOT.jar;C:\Users\Ankaiah Nandyala\.m2\repository\org\apache\tomcat\embed\tomcat-embed-el\10.1.31\tomcat-embed-el-10.1.31.jar;C:\Users\Ankaiah Nandyala\.m2\repository\org\hibernate\validator\hibernate-validator\8.0.1.Final\hibernate-validator-8.0.1.Final.jar;C:\Users\Ankaiah Nandyala\.m2\repository\jakarta\validation\jakarta.validation-api\3.0.2\jakarta.validation-api-3.0.2.jar;C:\Users\Ankaiah Nandyala\.m2\repository\org\springframework\boot\spring-boot-starter-test\3.4.0-SNAPSHOT\spring-boot-starter-test-3.4.0-SNAPSHOT.jar;C:\Users\Ankaiah Nandyala\.m2\repository\org\springframework\boot\spring-boot-test\3.4.0-SNAPSHOT\spring-boot-test-3.4.0-SNAPSHOT.jar;C:\Users\Ankaiah Nandyala\.m2\repository\org\springframework\boot\spring-boot-test-autoconfigure\3.4.0-SNAPSHOT\spring-boot-test-autoconfigure-3.4.0-SNAPSHOT.jar;C:\Users\Ankaiah Nandyala\.m2\repository\com\jayway\jsonpath\json-path\2.9.0\json-path-2.9.0.jar;C:\Users\Ankaiah Nandyala\.m2\repository\jakarta\xml\bind\jakarta.xml.bind-api\4.0.2\jakarta.xml.bind-api-4.0.2.jar;C:\Users\Ankaiah Nandyala\.m2\repository\jakarta\activation\jakarta.activation-api\2.1.3\jakarta.activation-api-2.1.3.jar;C:\Users\Ankaiah Nandyala\.m2\repository\net\minidev\json-smart\2.5.1\json-smart-2.5.1.jar;C:\Users\Ankaiah Nandyala\.m2\repository\net\minidev\accessors-smart\2.5.1\accessors-smart-2.5.1.jar;C:\Users\Ankaiah Nandyala\.m2\repository\org\ow2\asm\asm\9.6\asm-9.6.jar;C:\Users\Ankaiah Nandyala\.m2\repository\org\assertj\assertj-core\3.26.3\assertj-core-3.26.3.jar;C:\Users\Ankaiah Nandyala\.m2\repository\org\awaitility\awaitility\4.2.2\awaitility-4.2.2.jar;C:\Users\Ankaiah Nandyala\.m2\repository\org\hamcrest\hamcrest\2.2\hamcrest-2.2.jar;C:\Users\Ankaiah Nandyala\.m2\repository\org\junit\jupiter\junit-jupiter\5.11.3\junit-jupiter-5.11.3.jar;C:\Users\Ankaiah Nandyala\.m2\repository\org\junit\jupiter\junit-jupiter-api\5.11.3\junit-jupiter-api-5.11.3.jar;C:\Users\Ankaiah Nandyala\.m2\repository\org\opentest4j\opentest4j\1.3.0\opentest4j-1.3.0.jar;C:\Users\Ankaiah Nandyala\.m2\repository\org\junit\platform\junit-platform-commons\1.11.3\junit-platform-commons-1.11.3.jar;C:\Users\Ankaiah Nandyala\.m2\repository\org\apiguardian\apiguardian-api\1.1.2\apiguardian-api-1.1.2.jar;C:\Users\Ankaiah Nandyala\.m2\repository\org\junit\jupiter\junit-jupiter-params\5.11.3\junit-jupiter-params-5.11.3.jar;C:\Users\Ankaiah Nandyala\.m2\repository\org\junit\jupiter\junit-jupiter-engine\5.11.3\junit-jupiter-engine-5.11.3.jar;C:\Users\Ankaiah Nandyala\.m2\repository\org\junit\platform\junit-platform-engine\1.11.3\junit-platform-engine-1.11.3.jar;C:\Users\Ankaiah Nandyala\.m2\repository\org\mockito\mockito-core\5.14.2\mockito-core-5.14.2.jar;C:\Users\Ankaiah Nandyala\.m2\repository\net\bytebuddy\byte-buddy-agent\1.15.7\byte-buddy-agent-1.15.7.jar;C:\Users\Ankaiah Nandyala\.m2\repository\org\objenesis\objenesis\3.3\objenesis-3.3.jar;C:\Users\Ankaiah Nandyala\.m2\repository\org\mockito\mockito-junit-jupiter\5.14.2\mockito-junit-jupiter-5.14.2.jar;C:\Users\Ankaiah Nandyala\.m2\repository\org\skyscreamer\jsonassert\1.5.3\jsonassert-1.5.3.jar;C:\Users\Ankaiah Nandyala\.m2\repository\com\vaadin\external\google\android-json\0.0.20131108.vaadin1\android-json-0.0.20131108.vaadin1.jar;C:\Users\Ankaiah Nandyala\.m2\repository\org\springframework\spring-core\6.2.0-RC3\spring-core-6.2.0-RC3.jar;C:\Users\Ankaiah Nandyala\.m2\repository\org\springframework\spring-jcl\6.2.0-RC3\spring-jcl-6.2.0-RC3.jar;C:\Users\Ankaiah Nandyala\.m2\repository\org\springframework\spring-test\6.2.0-RC3\spring-test-6.2.0-RC3.jar;C:\Users\Ankaiah Nandyala\.m2\repository\org\xmlunit\xmlunit-core\2.10.0\xmlunit-core-2.10.0.jar;"/>
    <property name="java.vm.vendor" value="Eclipse Adoptium"/>
    <property name="sun.arch.data.model" value="64"/>
    <property name="user.variant" value=""/>
    <property name="java.vendor.url" value="https://adoptium.net/"/>
    <property name="user.timezone" value="Asia/Calcutta"/>
    <property name="org.jboss.logging.provider" value="slf4j"/>
    <property name="os.name" value="Windows 11"/>
    <property name="java.vm.specification.version" value="17"/>
    <property name="APPLICATION_NAME" value="SpringBootPostgresql"/>
    <property name="sun.java.launcher" value="SUN_STANDARD"/>
    <property name="user.country" value="US"/>
    <property name="sun.boot.library.path" value="C:\Users\Ankaiah Nandyala\Downloads\sts-4.15.3.RELEASE\plugins\org.eclipse.justj.openjdk.hotspot.jre.full.win32.x86_64_17.0.4.v20220805-1047\jre\bin"/>
    <property name="sun.java.command" value="C:\Users\Ankaiah Nandyala\AppData\Local\Temp\surefire704475237120817593\surefirebooter-20241102113146649_3.jar C:\Users\Ankaiah Nandyala\AppData\Local\Temp\surefire704475237120817593 2024-11-02T11-31-46_315-jvmRun1 surefire-20241102113146649_1tmp surefire_0-20241102113146649_2tmp"/>
    <property name="jdk.debug" value="release"/>
    <property name="surefire.test.class.path" value="C:\Users\Ankaiah Nandyala\OneDrive\Documents\Bhumi-Marraige-Broker\BhumiMatrimony.com\SpringBootPostgresql\target\test-classes;C:\Users\Ankaiah Nandyala\OneDrive\Documents\Bhumi-Marraige-Broker\BhumiMatrimony.com\SpringBootPostgresql\target\classes;C:\Users\Ankaiah Nandyala\.m2\repository\org\springframework\boot\spring-boot-starter-actuator\3.4.0-SNAPSHOT\spring-boot-starter-actuator-3.4.0-SNAPSHOT.jar;C:\Users\Ankaiah Nandyala\.m2\repository\org\springframework\boot\spring-boot-starter\3.4.0-SNAPSHOT\spring-boot-starter-3.4.0-SNAPSHOT.jar;C:\Users\Ankaiah Nandyala\.m2\repository\org\springframework\boot\spring-boot-starter-logging\3.4.0-SNAPSHOT\spring-boot-starter-logging-3.4.0-SNAPSHOT.jar;C:\Users\Ankaiah Nandyala\.m2\repository\ch\qos\logback\logback-classic\1.5.11\logback-classic-1.5.11.jar;C:\Users\Ankaiah Nandyala\.m2\repository\ch\qos\logback\logback-core\1.5.11\logback-core-1.5.11.jar;C:\Users\Ankaiah Nandyala\.m2\repository\org\apache\logging\log4j\log4j-to-slf4j\2.24.1\log4j-to-slf4j-2.24.1.jar;C:\Users\Ankaiah Nandyala\.m2\repository\org\apache\logging\log4j\log4j-api\2.24.1\log4j-api-2.24.1.jar;C:\Users\Ankaiah Nandyala\.m2\repository\org\slf4j\jul-to-slf4j\2.0.16\jul-to-slf4j-2.0.16.jar;C:\Users\Ankaiah Nandyala\.m2\repository\jakarta\annotation\jakarta.annotation-api\2.1.1\jakarta.annotation-api-2.1.1.jar;C:\Users\Ankaiah Nandyala\.m2\repository\org\yaml\snakeyaml\2.3\snakeyaml-2.3.jar;C:\Users\Ankaiah Nandyala\.m2\repository\org\springframework\boot\spring-boot-actuator-autoconfigure\3.4.0-SNAPSHOT\spring-boot-actuator-autoconfigure-3.4.0-SNAPSHOT.jar;C:\Users\Ankaiah Nandyala\.m2\repository\org\springframework\boot\spring-boot-actuator\3.4.0-SNAPSHOT\spring-boot-actuator-3.4.0-SNAPSHOT.jar;C:\Users\Ankaiah Nandyala\.m2\repository\com\fasterxml\jackson\core\jackson-databind\2.18.0\jackson-databind-2.18.0.jar;C:\Users\Ankaiah Nandyala\.m2\repository\com\fasterxml\jackson\core\jackson-annotations\2.18.0\jackson-annotations-2.18.0.jar;C:\Users\Ankaiah Nandyala\.m2\repository\com\fasterxml\jackson\core\jackson-core\2.18.0\jackson-core-2.18.0.jar;C:\Users\Ankaiah Nandyala\.m2\repository\com\fasterxml\jackson\datatype\jackson-datatype-jsr310\2.18.0\jackson-datatype-jsr310-2.18.0.jar;C:\Users\Ankaiah Nandyala\.m2\repository\io\micrometer\micrometer-observation\1.14.0-RC1\micrometer-observation-1.14.0-RC1.jar;C:\Users\Ankaiah Nandyala\.m2\repository\io\micrometer\micrometer-commons\1.14.0-RC1\micrometer-commons-1.14.0-RC1.jar;C:\Users\Ankaiah Nandyala\.m2\repository\io\micrometer\micrometer-jakarta9\1.14.0-RC1\micrometer-jakarta9-1.14.0-RC1.jar;C:\Users\Ankaiah Nandyala\.m2\repository\io\micrometer\micrometer-core\1.14.0-RC1\micrometer-core-1.14.0-RC1.jar;C:\Users\Ankaiah Nandyala\.m2\repository\org\hdrhistogram\HdrHistogram\2.2.2\HdrHistogram-2.2.2.jar;C:\Users\Ankaiah Nandyala\.m2\repository\org\latencyutils\LatencyUtils\2.0.3\LatencyUtils-2.0.3.jar;C:\Users\Ankaiah Nandyala\.m2\repository\org\springframework\boot\spring-boot-starter-data-jpa\3.4.0-SNAPSHOT\spring-boot-starter-data-jpa-3.4.0-SNAPSHOT.jar;C:\Users\Ankaiah Nandyala\.m2\repository\org\springframework\boot\spring-boot-starter-jdbc\3.4.0-SNAPSHOT\spring-boot-starter-jdbc-3.4.0-SNAPSHOT.jar;C:\Users\Ankaiah Nandyala\.m2\repository\com\zaxxer\HikariCP\5.1.0\HikariCP-5.1.0.jar;C:\Users\Ankaiah Nandyala\.m2\repository\org\springframework\spring-jdbc\6.2.0-RC3\spring-jdbc-6.2.0-RC3.jar;C:\Users\Ankaiah Nandyala\.m2\repository\org\hibernate\orm\hibernate-core\6.6.1.Final\hibernate-core-6.6.1.Final.jar;C:\Users\Ankaiah Nandyala\.m2\repository\jakarta\persistence\jakarta.persistence-api\3.1.0\jakarta.persistence-api-3.1.0.jar;C:\Users\Ankaiah Nandyala\.m2\repository\jakarta\transaction\jakarta.transaction-api\2.0.1\jakarta.transaction-api-2.0.1.jar;C:\Users\Ankaiah Nandyala\.m2\repository\org\jboss\logging\jboss-logging\3.6.1.Final\jboss-logging-3.6.1.Final.jar;C:\Users\Ankaiah Nandyala\.m2\repository\org\hibernate\common\hibernate-commons-annotations\7.0.1.Final\hibernate-commons-annotations-7.0.1.Final.jar;C:\Users\Ankaiah Nandyala\.m2\repository\io\smallrye\jandex\3.2.0\jandex-3.2.0.jar;C:\Users\Ankaiah Nandyala\.m2\repository\com\fasterxml\classmate\1.7.0\classmate-1.7.0.jar;C:\Users\Ankaiah Nandyala\.m2\repository\net\bytebuddy\byte-buddy\1.15.7\byte-buddy-1.15.7.jar;C:\Users\Ankaiah Nandyala\.m2\repository\org\glassfish\jaxb\jaxb-runtime\4.0.5\jaxb-runtime-4.0.5.jar;C:\Users\Ankaiah Nandyala\.m2\repository\org\glassfish\jaxb\jaxb-core\4.0.5\jaxb-core-4.0.5.jar;C:\Users\Ankaiah Nandyala\.m2\repository\org\eclipse\angus\angus-activation\2.0.2\angus-activation-2.0.2.jar;C:\Users\Ankaiah Nandyala\.m2\repository\org\glassfish\jaxb\txw2\4.0.5\txw2-4.0.5.jar;C:\Users\Ankaiah Nandyala\.m2\repository\com\sun\istack\istack-commons-runtime\4.1.2\istack-commons-runtime-4.1.2.jar;C:\Users\Ankaiah Nandyala\.m2\repository\jakarta\inject\jakarta.inject-api\2.0.1\jakarta.inject-api-2.0.1.jar;C:\Users\Ankaiah Nandyala\.m2\repository\org\antlr\antlr4-runtime\4.13.0\antlr4-runtime-4.13.0.jar;C:\Users\Ankaiah Nandyala\.m2\repository\org\springframework\data\spring-data-jpa\3.4.0-RC1\spring-data-jpa-3.4.0-RC1.jar;C:\Users\Ankaiah Nandyala\.m2\repository\org\springframework\data\spring-data-commons\3.4.0-RC1\spring-data-commons-3.4.0-RC1.jar;C:\Users\Ankaiah Nandyala\.m2\repository\org\springframework\spring-orm\6.2.0-RC3\spring-orm-6.2.0-RC3.jar;C:\Users\Ankaiah Nandyala\.m2\repository\org\springframework\spring-context\6.2.0-RC3\spring-context-6.2.0-RC3.jar;C:\Users\Ankaiah Nandyala\.m2\repository\org\springframework\spring-aop\6.2.0-RC3\spring-aop-6.2.0-RC3.jar;C:\Users\Ankaiah Nandyala\.m2\repository\org\springframework\spring-tx\6.2.0-RC3\spring-tx-6.2.0-RC3.jar;C:\Users\Ankaiah Nandyala\.m2\repository\org\springframework\spring-beans\6.2.0-RC3\spring-beans-6.2.0-RC3.jar;C:\Users\Ankaiah Nandyala\.m2\repository\org\slf4j\slf4j-api\2.0.16\slf4j-api-2.0.16.jar;C:\Users\Ankaiah Nandyala\.m2\repository\org\springframework\spring-aspects\6.2.0-RC3\spring-aspects-6.2.0-RC3.jar;C:\Users\Ankaiah Nandyala\.m2\repository\org\aspectj\aspectjweaver\1.9.22.1\aspectjweaver-1.9.22.1.jar;C:\Users\Ankaiah Nandyala\.m2\repository\org\springframework\boot\spring-boot-starter-web\3.4.0-SNAPSHOT\spring-boot-starter-web-3.4.0-SNAPSHOT.jar;C:\Users\Ankaiah Nandyala\.m2\repository\org\springframework\boot\spring-boot-starter-json\3.4.0-SNAPSHOT\spring-boot-starter-json-3.4.0-SNAPSHOT.jar;C:\Users\Ankaiah Nandyala\.m2\repository\com\fasterxml\jackson\datatype\jackson-datatype-jdk8\2.18.0\jackson-datatype-jdk8-2.18.0.jar;C:\Users\Ankaiah Nandyala\.m2\repository\com\fasterxml\jackson\module\jackson-module-parameter-names\2.18.0\jackson-module-parameter-names-2.18.0.jar;C:\Users\Ankaiah Nandyala\.m2\repository\org\springframework\boot\spring-boot-starter-tomcat\3.4.0-SNAPSHOT\spring-boot-starter-tomcat-3.4.0-SNAPSHOT.jar;C:\Users\Ankaiah Nandyala\.m2\repository\org\apache\tomcat\embed\tomcat-embed-core\10.1.31\tomcat-embed-core-10.1.31.jar;C:\Users\Ankaiah Nandyala\.m2\repository\org\apache\tomcat\embed\tomcat-embed-websocket\10.1.31\tomcat-embed-websocket-10.1.31.jar;C:\Users\Ankaiah Nandyala\.m2\repository\org\springframework\spring-web\6.2.0-RC3\spring-web-6.2.0-RC3.jar;C:\Users\Ankaiah Nandyala\.m2\repository\org\springframework\spring-webmvc\6.2.0-RC3\spring-webmvc-6.2.0-RC3.jar;C:\Users\Ankaiah Nandyala\.m2\repository\org\springframework\spring-expression\6.2.0-RC3\spring-expression-6.2.0-RC3.jar;C:\Users\Ankaiah Nandyala\.m2\repository\org\springframework\boot\spring-boot-devtools\3.4.0-SNAPSHOT\spring-boot-devtools-3.4.0-SNAPSHOT.jar;C:\Users\Ankaiah Nandyala\.m2\repository\org\springframework\boot\spring-boot\3.4.0-SNAPSHOT\spring-boot-3.4.0-SNAPSHOT.jar;C:\Users\Ankaiah Nandyala\.m2\repository\org\springframework\boot\spring-boot-autoconfigure\3.4.0-SNAPSHOT\spring-boot-autoconfigure-3.4.0-SNAPSHOT.jar;C:\Users\Ankaiah Nandyala\.m2\repository\org\postgresql\postgresql\42.7.4\postgresql-42.7.4.jar;C:\Users\Ankaiah Nandyala\.m2\repository\org\checkerframework\checker-qual\3.42.0\checker-qual-3.42.0.jar;C:\Users\Ankaiah Nandyala\.m2\repository\org\springframework\boot\spring-boot-starter-validation\3.4.0-SNAPSHOT\spring-boot-starter-validation-3.4.0-SNAPSHOT.jar;C:\Users\Ankaiah Nandyala\.m2\repository\org\apache\tomcat\embed\tomcat-embed-el\10.1.31\tomcat-embed-el-10.1.31.jar;C:\Users\Ankaiah Nandyala\.m2\repository\org\hibernate\validator\hibernate-validator\8.0.1.Final\hibernate-validator-8.0.1.Final.jar;C:\Users\Ankaiah Nandyala\.m2\repository\jakarta\validation\jakarta.validation-api\3.0.2\jakarta.validation-api-3.0.2.jar;C:\Users\Ankaiah Nandyala\.m2\repository\org\springframework\boot\spring-boot-starter-test\3.4.0-SNAPSHOT\spring-boot-starter-test-3.4.0-SNAPSHOT.jar;C:\Users\Ankaiah Nandyala\.m2\repository\org\springframework\boot\spring-boot-test\3.4.0-SNAPSHOT\spring-boot-test-3.4.0-SNAPSHOT.jar;C:\Users\Ankaiah Nandyala\.m2\repository\org\springframework\boot\spring-boot-test-autoconfigure\3.4.0-SNAPSHOT\spring-boot-test-autoconfigure-3.4.0-SNAPSHOT.jar;C:\Users\Ankaiah Nandyala\.m2\repository\com\jayway\jsonpath\json-path\2.9.0\json-path-2.9.0.jar;C:\Users\Ankaiah Nandyala\.m2\repository\jakarta\xml\bind\jakarta.xml.bind-api\4.0.2\jakarta.xml.bind-api-4.0.2.jar;C:\Users\Ankaiah Nandyala\.m2\repository\jakarta\activation\jakarta.activation-api\2.1.3\jakarta.activation-api-2.1.3.jar;C:\Users\Ankaiah Nandyala\.m2\repository\net\minidev\json-smart\2.5.1\json-smart-2.5.1.jar;C:\Users\Ankaiah Nandyala\.m2\repository\net\minidev\accessors-smart\2.5.1\accessors-smart-2.5.1.jar;C:\Users\Ankaiah Nandyala\.m2\repository\org\ow2\asm\asm\9.6\asm-9.6.jar;C:\Users\Ankaiah Nandyala\.m2\repository\org\assertj\assertj-core\3.26.3\assertj-core-3.26.3.jar;C:\Users\Ankaiah Nandyala\.m2\repository\org\awaitility\awaitility\4.2.2\awaitility-4.2.2.jar;C:\Users\Ankaiah Nandyala\.m2\repository\org\hamcrest\hamcrest\2.2\hamcrest-2.2.jar;C:\Users\Ankaiah Nandyala\.m2\repository\org\junit\jupiter\junit-jupiter\5.11.3\junit-jupiter-5.11.3.jar;C:\Users\Ankaiah Nandyala\.m2\repository\org\junit\jupiter\junit-jupiter-api\5.11.3\junit-jupiter-api-5.11.3.jar;C:\Users\Ankaiah Nandyala\.m2\repository\org\opentest4j\opentest4j\1.3.0\opentest4j-1.3.0.jar;C:\Users\Ankaiah Nandyala\.m2\repository\org\junit\platform\junit-platform-commons\1.11.3\junit-platform-commons-1.11.3.jar;C:\Users\Ankaiah Nandyala\.m2\repository\org\apiguardian\apiguardian-api\1.1.2\apiguardian-api-1.1.2.jar;C:\Users\Ankaiah Nandyala\.m2\repository\org\junit\jupiter\junit-jupiter-params\5.11.3\junit-jupiter-params-5.11.3.jar;C:\Users\Ankaiah Nandyala\.m2\repository\org\junit\jupiter\junit-jupiter-engine\5.11.3\junit-jupiter-engine-5.11.3.jar;C:\Users\Ankaiah Nandyala\.m2\repository\org\junit\platform\junit-platform-engine\1.11.3\junit-platform-engine-1.11.3.jar;C:\Users\Ankaiah Nandyala\.m2\repository\org\mockito\mockito-core\5.14.2\mockito-core-5.14.2.jar;C:\Users\Ankaiah Nandyala\.m2\repository\net\bytebuddy\byte-buddy-agent\1.15.7\byte-buddy-agent-1.15.7.jar;C:\Users\Ankaiah Nandyala\.m2\repository\org\objenesis\objenesis\3.3\objenesis-3.3.jar;C:\Users\Ankaiah Nandyala\.m2\repository\org\mockito\mockito-junit-jupiter\5.14.2\mockito-junit-jupiter-5.14.2.jar;C:\Users\Ankaiah Nandyala\.m2\repository\org\skyscreamer\jsonassert\1.5.3\jsonassert-1.5.3.jar;C:\Users\Ankaiah Nandyala\.m2\repository\com\vaadin\external\google\android-json\0.0.20131108.vaadin1\android-json-0.0.20131108.vaadin1.jar;C:\Users\Ankaiah Nandyala\.m2\repository\org\springframework\spring-core\6.2.0-RC3\spring-core-6.2.0-RC3.jar;C:\Users\Ankaiah Nandyala\.m2\repository\org\springframework\spring-jcl\6.2.0-RC3\spring-jcl-6.2.0-RC3.jar;C:\Users\Ankaiah Nandyala\.m2\repository\org\springframework\spring-test\6.2.0-RC3\spring-test-6.2.0-RC3.jar;C:\Users\Ankaiah Nandyala\.m2\repository\org\xmlunit\xmlunit-core\2.10.0\xmlunit-core-2.10.0.jar;"/>
    <property name="sun.cpu.endian" value="little"/>
    <property name="user.home" value="C:\Users\Ankaiah Nandyala"/>
    <property name="user.language" value="en"/>
    <property name="java.specification.vendor" value="Oracle Corporation"/>
    <property name="java.version.date" value="2022-07-19"/>
    <property name="java.home" value="C:\Users\Ankaiah Nandyala\Downloads\sts-4.15.3.RELEASE\plugins\org.eclipse.justj.openjdk.hotspot.jre.full.win32.x86_64_17.0.4.v20220805-1047\jre"/>
    <property name="file.separator" value="\"/>
    <property name="style.color" value="always"/>
    <property name="basedir" value="C:\Users\Ankaiah Nandyala\OneDrive\Documents\Bhumi-Marraige-Broker\BhumiMatrimony.com\SpringBootPostgresql"/>
    <property name="java.vm.compressedOopsMode" value="32-bit"/>
    <property name="line.separator" value="&#10;"/>
    <property name="java.vm.specification.vendor" value="Oracle Corporation"/>
    <property name="java.specification.name" value="Java Platform API Specification"/>
    <property name="FILE_LOG_CHARSET" value="windows-1252"/>
    <property name="java.awt.headless" value="true"/>
    <property name="surefire.real.class.path" value="C:\Users\Ankaiah Nandyala\AppData\Local\Temp\surefire704475237120817593\surefirebooter-20241102113146649_3.jar"/>
    <property name="user.script" value=""/>
    <property name="sun.management.compiler" value="HotSpot 64-Bit Tiered Compilers"/>
    <property name="java.runtime.version" value="17.0.4+8"/>
    <property name="user.name" value="Ankaiah Nandyala"/>
    <property name="path.separator" value=";"/>
    <property name="os.version" value="10.0"/>
    <property name="java.runtime.name" value="OpenJDK Runtime Environment"/>
    <property name="file.encoding" value="Cp1252"/>
    <property name="java.vm.name" value="OpenJDK 64-Bit Server VM"/>
    <property name="java.vendor.version" value="Temurin-17.0.4+8"/>
    <property name="localRepository" value="C:\Users\Ankaiah Nandyala\.m2\repository"/>
    <property name="java.vendor.url.bug" value="https://github.com/adoptium/adoptium-support/issues"/>
    <property name="java.io.tmpdir" value="C:\Users\ANKAIA~1\AppData\Local\Temp\"/>
    <property name="com.zaxxer.hikari.pool_number" value="1"/>
    <property name="java.version" value="17.0.4"/>
    <property name="user.dir" value="C:\Users\Ankaiah Nandyala\OneDrive\Documents\Bhumi-Marraige-Broker\BhumiMatrimony.com\SpringBootPostgresql"/>
    <property name="os.arch" value="amd64"/>
    <property name="java.vm.specification.name" value="Java Virtual Machine Specification"/>
    <property name="PID" value="9592"/>
    <property name="sun.os.patch.level" value=""/>
    <property name="CONSOLE_LOG_CHARSET" value="windows-1252"/>
    <property name="native.encoding" value="Cp1252"/>
    <property name="java.library.path" value="C:\Users\Ankaiah Nandyala\Downloads\sts-4.15.3.RELEASE\plugins\org.eclipse.justj.openjdk.hotspot.jre.full.win32.x86_64_17.0.4.v20220805-1047\jre\bin;C:\WINDOWS\Sun\Java\bin;C:\WINDOWS\system32;C:\WINDOWS;C:/Users/Ankaiah Nandyala/Downloads/sts-4.15.3.RELEASE//plugins/org.eclipse.justj.openjdk.hotspot.jre.full.win32.x86_64_17.0.4.v20220805-1047/jre/bin/server;C:/Users/Ankaiah Nandyala/Downloads/sts-4.15.3.RELEASE//plugins/org.eclipse.justj.openjdk.hotspot.jre.full.win32.x86_64_17.0.4.v20220805-1047/jre/bin;C:\PerfLogs\dbhomeXE\bin;C:\Program Files (x86)\Common Files\Oracle\Java\javapath;C:\WINDOWS\system32;C:\WINDOWS;C:\WINDOWS\System32\Wbem;C:\WINDOWS\System32\WindowsPowerShell\v1.0\;C:\WINDOWS\System32\OpenSSH\;C:\Program Files\Java\jdk1.8.0_341\bin;C:\Program Files\Git\cmd;C:\Program Files\PuTTY\;C:\Users\Ankaiah Nandyala\scoop\shims;C:\Users\Ankaiah Nandyala\AppData\Local\Microsoft\WindowsApps;;C:\Users\Ankaiah Nandyala\Downloads\sts-4.15.3.RELEASE;;."/>
    <property name="java.vm.info" value="mixed mode"/>
    <property name="java.vendor" value="Eclipse Adoptium"/>
    <property name="java.vm.version" value="17.0.4+8"/>
    <property name="sun.io.unicode.encoding" value="UnicodeLittle"/>
    <property name="java.class.version" value="61.0"/>
    <property name="LOGGED_APPLICATION_NAME" value="[SpringBootPostgresql] "/>
  </properties>
  <testcase name="testSaveEmployee" classname="com.anki.service.Impl.EmployeeImplTest" time="0.018">
    <system-out><![CDATA[2024-11-02T11:32:14.031+05:30  INFO 9592 --- [SpringBootPostgresql] [           main] t.c.s.AnnotationConfigContextLoaderUtils : Could not detect default configuration classes for test class [com.anki.service.Impl.EmployeeImplTest]: EmployeeImplTest does not declare any static, non-private, non-final, nested classes annotated with @Configuration.
2024-11-02T11:32:14.071+05:30  INFO 9592 --- [SpringBootPostgresql] [           main] .b.t.c.SpringBootTestContextBootstrapper : Found @SpringBootConfiguration com.anki.SpringBootPostgresqlApplication for test class com.anki.service.Impl.EmployeeImplTest
]]></system-out>
  </testcase>
  <testcase name="testGetEmployee" classname="com.anki.service.Impl.EmployeeImplTest" time="0.017">
    <system-out><![CDATA[com.anki.models.EmployeeDetails@4c6d5c17
]]></system-out>
  </testcase>
</testsuite>